<?xml version="1.0" encoding="UTF-8" ?>
<testsuite tests="10" failures="0" name="test.java.Runner.TestRunner" time="171.102" errors="6" skipped="2">
  <properties>
[...]
</properties>
  <testcase classname="Scenario: Testing my Framework cases" name="Given Test1" time="0.023">
    <error type="java.lang.NullPointerException">java.lang.NullPointerException
	at pageobjects.Homepage.button_MyAccount(Homepage.java:44)
	at stepDefinition.Test_Steps4.Test1(Test_Steps4.java:40)
	at ✽.Given Test1(A.LogIn_Test.feature:24)
</error>
    <system-out>@HL
@HL-------------------------------------------------------
@HL T E S T S
@HL-------------------------------------------------------
@SLRunning test.java.Runner.TestRunner
#Author: shubham.jain@cuelogic.co.in
#Keywords Summary :
#Feature: List of scenarios.
#Scenario: Business rule through list of steps with arguments.
#Given: Some precondition step
#When: Some key actions
#Then: To observe outcomes or validation
#And,But: To enumerate more Given,When,Then steps
#Scenario Outline: List of steps for data-driven as an Examples and &lt;placeholder&gt;
#Examples: Container for s table
#Background: List of steps run before each of the scenarios
#&quot;&quot;&quot; (Doc Strings)
#| (Data Tables)
#@ (Tags/Labels):To group Scenarios
#&lt;&gt; (placeholder)
#&quot;&quot;
## (Comments)
#Sample Feature Definition Template
Feature: Testing Framework Action
My Excel Test = MFF
Test1
</system-out>
    <system-err>23/02/2018 01:03:27.155 - [Shubham Automation] - [INFO] - java.util.logging.ConsoleHandler@38afe297
23/02/2018 01:03:27.156 - [Shubham Automation] - [INFO] - [ TestRunner : setUp ] In Before Suite
23/02/2018 01:03:27.786 - [Shubham Automation] - [INFO] - [ AutomationTestCase : setup ] Begin Test case : Test_Steps4
23/02/2018 01:06:17.227 - [Shubham Automation] - [SEVERE] - [ AutomationTestCase : invoke ] Exception occured in setup
23/02/2018 01:06:17.235 - [Shubham Automation] - [SEVERE] - [ AutomationTestCase : invoke ] Could not start a new session. Possible causes are invalid address of the remote server or browser start-up failure.
Build info: version: &apos;3.6.0&apos;, revision: &apos;6fbf3ec767&apos;, time: &apos;2017-09-27T15:28:36.4Z&apos;
System info: host: &apos;SHUBHAMJ-PC&apos;, ip: &apos;10.0.75.1&apos;, os.name: &apos;Windows 10&apos;, os.arch: &apos;amd64&apos;, os.version: &apos;10.0&apos;, java.version: &apos;1.8.0_131&apos;
Driver info: driver.version: AppDriver
org.openqa.selenium.remote.UnreachableBrowserException: Could not start a new session. Possible causes are invalid address of the remote server or browser start-up failure.
Build info: version: &apos;3.6.0&apos;, revision: &apos;6fbf3ec767&apos;, time: &apos;2017-09-27T15:28:36.4Z&apos;
System info: host: &apos;SHUBHAMJ-PC&apos;, ip: &apos;10.0.75.1&apos;, os.name: &apos;Windows 10&apos;, os.arch: &apos;amd64&apos;, os.version: &apos;10.0&apos;, java.version: &apos;1.8.0_131&apos;
Driver info: driver.version: AppDriver
	at org.openqa.selenium.remote.RemoteWebDriver.execute(RemoteWebDriver.java:607)
	at org.openqa.selenium.remote.RemoteWebDriver.startSession(RemoteWebDriver.java:217)
	at org.openqa.selenium.remote.RemoteWebDriver.&lt;init&gt;(RemoteWebDriver.java:140)
	at org.openqa.selenium.remote.RemoteWebDriver.&lt;init&gt;(RemoteWebDriver.java:153)
	at automationframework.AppDriver.getDriver(AppDriver.java:148)
	at automationframework.AutomationTestCase.setup(AutomationTestCase.java:76)
	at automationframework.AutomationTestCaseVerification.setup(AutomationTestCaseVerification.java:32)
	at automationframework.AutomationTestCase.invoke(AutomationTestCase.java:48)
	at automationframework.AutomationTestCaseVerification.invoke(AutomationTestCaseVerification.java:27)
	at stepDefinition.Test_Steps4.&lt;init&gt;(Test_Steps4.java:32)
	at sun.reflect.NativeConstructorAccessorImpl.newInstance0(Native Method)
	at sun.reflect.NativeConstructorAccessorImpl.newInstance(NativeConstructorAccessorImpl.java:62)
	at sun.reflect.DelegatingConstructorAccessorImpl.newInstance(DelegatingConstructorAccessorImpl.java:45)
	at java.lang.reflect.Constructor.newInstance(Constructor.java:423)
	at cucumber.runtime.java.DefaultJavaObjectFactory.cacheNewInstance(DefaultJavaObjectFactory.java:41)
	at cucumber.runtime.java.DefaultJavaObjectFactory.getInstance(DefaultJavaObjectFactory.java:33)
	at cucumber.runtime.java.JavaStepDefinition.execute(JavaStepDefinition.java:38)
	at cucumber.runtime.StepDefinitionMatch.runStep(StepDefinitionMatch.java:37)
	at cucumber.runtime.Runtime.runStep(Runtime.java:300)
	at cucumber.runtime.model.StepContainer.runStep(StepContainer.java:44)
	at cucumber.runtime.model.StepContainer.runSteps(StepContainer.java:39)
	at cucumber.runtime.model.CucumberScenario.run(CucumberScenario.java:44)
	at cucumber.runtime.junit.ExecutionUnitRunner.run(ExecutionUnitRunner.java:102)
	at cucumber.runtime.junit.FeatureRunner.runChild(FeatureRunner.java:63)
	at cucumber.runtime.junit.FeatureRunner.runChild(FeatureRunner.java:18)
	at org.junit.runners.ParentRunner$3.run(ParentRunner.java:290)
	at org.junit.runners.ParentRunner$1.schedule(ParentRunner.java:71)
	at org.junit.runners.ParentRunner.runChildren(ParentRunner.java:288)
	at org.junit.runners.ParentRunner.access$000(ParentRunner.java:58)
	at org.junit.runners.ParentRunner$2.evaluate(ParentRunner.java:268)
	at org.junit.runners.ParentRunner.run(ParentRunner.java:363)
	at cucumber.runtime.junit.FeatureRunner.run(FeatureRunner.java:70)
	at cucumber.api.junit.Cucumber.runChild(Cucumber.java:95)
	at cucumber.api.junit.Cucumber.runChild(Cucumber.java:38)
	at org.junit.runners.ParentRunner$3.run(ParentRunner.java:290)
	at org.junit.runners.ParentRunner$1.schedule(ParentRunner.java:71)
	at org.junit.runners.ParentRunner.runChildren(ParentRunner.java:288)
	at org.junit.runners.ParentRunner.access$000(ParentRunner.java:58)
	at org.junit.runners.ParentRunner$2.evaluate(ParentRunner.java:268)
	at org.junit.runners.ParentRunner.run(ParentRunner.java:363)
	at cucumber.api.junit.Cucumber.run(Cucumber.java:100)
	at test.java.Runner.ExtendedCucumberRunner.run(ExtendedCucumberRunner.java:56)
	at org.apache.maven.surefire.junit4.JUnit4TestSet.execute(JUnit4TestSet.java:35)
	at org.apache.maven.surefire.junit4.JUnit4Provider.executeTestSet(JUnit4Provider.java:115)
	at org.apache.maven.surefire.junit4.JUnit4Provider.invoke(JUnit4Provider.java:97)
	at sun.reflect.NativeMethodAccessorImpl.invoke0(Native Method)
	at sun.reflect.NativeMethodAccessorImpl.invoke(NativeMethodAccessorImpl.java:62)
	at sun.reflect.DelegatingMethodAccessorImpl.invoke(DelegatingMethodAccessorImpl.java:43)
	at java.lang.reflect.Method.invoke(Method.java:498)
	at org.apache.maven.surefire.booter.ProviderFactory$ClassLoaderProxy.invoke(ProviderFactory.java:103)
	at com.sun.proxy.$Proxy0.invoke(Unknown Source)
	at org.apache.maven.surefire.booter.SurefireStarter.invokeProvider(SurefireStarter.java:150)
	at org.apache.maven.surefire.booter.SurefireStarter.runSuitesInProcess(SurefireStarter.java:91)
	at org.apache.maven.surefire.booter.ForkedBooter.main(ForkedBooter.java:69)
Caused by: org.apache.http.conn.HttpHostConnectException: Connect to 139.59.42.1:4444 [/139.59.42.1] failed: Connection refused: connect
	at org.apache.http.impl.conn.DefaultHttpClientConnectionOperator.connect(DefaultHttpClientConnectionOperator.java:159)
	at org.apache.http.impl.conn.PoolingHttpClientConnectionManager.connect(PoolingHttpClientConnectionManager.java:359)
	at org.apache.http.impl.execchain.MainClientExec.establishRoute(MainClientExec.java:381)
	at org.apache.http.impl.execchain.MainClientExec.execute(MainClientExec.java:237)
	at org.apache.http.impl.execchain.ProtocolExec.execute(ProtocolExec.java:185)
	at org.apache.http.impl.execchain.RetryExec.execute(RetryExec.java:89)
	at org.apache.http.impl.execchain.RedirectExec.execute(RedirectExec.java:111)
	at org.apache.http.impl.client.InternalHttpClient.doExecute(InternalHttpClient.java:185)
	at org.apache.http.impl.client.CloseableHttpClient.execute(CloseableHttpClient.java:72)
	at org.apache.http.impl.client.CloseableHttpClient.execute(CloseableHttpClient.java:56)
	at org.openqa.selenium.remote.internal.ApacheHttpClient.fallBackExecute(ApacheHttpClient.java:156)
	at org.openqa.selenium.remote.internal.ApacheHttpClient.execute(ApacheHttpClient.java:86)
	at org.openqa.selenium.remote.ProtocolHandshake.createSession(ProtocolHandshake.java:337)
	at org.openqa.selenium.remote.ProtocolHandshake.createSession(ProtocolHandshake.java:136)
	at org.openqa.selenium.remote.HttpCommandExecutor.execute(HttpCommandExecutor.java:142)
	at org.openqa.selenium.remote.RemoteWebDriver.execute(RemoteWebDriver.java:586)
	... 53 more
Caused by: java.net.ConnectException: Connection refused: connect
	at java.net.DualStackPlainSocketImpl.waitForConnect(Native Method)
	at java.net.DualStackPlainSocketImpl.socketConnect(DualStackPlainSocketImpl.java:85)
	at java.net.AbstractPlainSocketImpl.doConnect(AbstractPlainSocketImpl.java:350)
	at java.net.AbstractPlainSocketImpl.connectToAddress(AbstractPlainSocketImpl.java:206)
	at java.net.AbstractPlainSocketImpl.connect(AbstractPlainSocketImpl.java:188)
	at java.net.PlainSocketImpl.connect(PlainSocketImpl.java:172)
	at java.net.SocksSocketImpl.connect(SocksSocketImpl.java:392)
	at java.net.Socket.connect(Socket.java:589)
	at org.apache.http.conn.socket.PlainConnectionSocketFactory.connectSocket(PlainConnectionSocketFactory.java:75)
	at org.apache.http.impl.conn.DefaultHttpClientConnectionOperator.connect(DefaultHttpClientConnectionOperator.java:142)
	... 68 more
23/02/2018 01:06:17.262 - [Shubham Automation] - [SEVERE] - [ Homepage : button_MyAccount ] My Account Link is not found on Home Page
</system-err>
  </testcase>
  <testcase classname="Scenario: Testing my Framework cases" name="Scenario: Testing my Framework cases" time="0.025">
    <error type="java.lang.NullPointerException">java.lang.NullPointerException
	at pageobjects.Homepage.button_MyAccount(Homepage.java:44)
	at stepDefinition.Test_Steps4.Test1(Test_Steps4.java:40)
	at ✽.Given Test1(A.LogIn_Test.feature:24)
</error>
  </testcase>
  <testcase classname="Scenario: Successful Login with Valid Credentials by data table" name="Given User is on Home Page" time="0"/>
  <testcase classname="Scenario: Successful Login with Valid Credentials by data table" name="When User Navigate to LogIn Page" time="0.001">
    <error type="java.lang.NullPointerException">java.lang.NullPointerException
	at pageobjects.Homepage.button_MyAccount(Homepage.java:44)
	at stepDefinition.Test_Steps3.user_Navigate_to_LogIn_Page(Test_Steps3.java:32)
	at ✽.When User Navigate to LogIn Page(LogIn_Test.feature:26)
</error>
    <system-err>23/02/2018 01:06:17.326 - [Shubham Automation] - [INFO] - [ AutomationTestCase : invokeData ] Begin Test case : Test_Steps3
23/02/2018 01:06:17.326 - [Shubham Automation] - [INFO] - [ AutomationTestCase : invokeData ] Begin Test case : Continues Login session
23/02/2018 01:06:17.327 - [Shubham Automation] - [INFO] - [ AutomationTestCase : invoke ] Instance is already invoked
23/02/2018 01:06:17.328 - [Shubham Automation] - [SEVERE] - [ Homepage : button_MyAccount ] My Account Link is not found on Home Page
</system-err>
  </testcase>
  <testcase classname="Scenario: Successful Login with Valid Credentials by data table" name="Scenario: Successful Login with Valid Credentials by data table" time="0.001">
    <error type="java.lang.NullPointerException">java.lang.NullPointerException
	at pageobjects.Homepage.button_MyAccount(Homepage.java:44)
	at stepDefinition.Test_Steps3.user_Navigate_to_LogIn_Page(Test_Steps3.java:32)
	at ✽.When User Navigate to LogIn Page(LogIn_Test.feature:26)
</error>
  </testcase>
  <testcase classname="Scenario: Successful Login with Valid Credentials by data table" name="And User enters Credentials to LogIn" time="0.003">
    <skipped/>
  </testcase>
  <testcase classname="Scenario: Successful Login with Valid Credentials by Maps in Data Tables" name="Given User is on Home Page" time="0"/>
  <testcase classname="Scenario: Successful Login with Valid Credentials by Maps in Data Tables" name="When User Navigate to LogIn Page" time="0">
    <error type="java.lang.NullPointerException">java.lang.NullPointerException
	at pageobjects.Homepage.button_MyAccount(Homepage.java:44)
	at stepDefinition.Test_Steps3.user_Navigate_to_LogIn_Page(Test_Steps3.java:32)
	at ✽.When User Navigate to LogIn Page(LogIn_Test.feature:31)
</error>
    <system-err>23/02/2018 01:06:17.347 - [Shubham Automation] - [INFO] - [ AutomationTestCase : invokeData ] Begin Test case : Test_Steps3
23/02/2018 01:06:17.348 - [Shubham Automation] - [INFO] - [ AutomationTestCase : invokeData ] Begin Test case : Continues Login session
23/02/2018 01:06:17.348 - [Shubham Automation] - [INFO] - [ AutomationTestCase : invoke ] Instance is already invoked
23/02/2018 01:06:17.349 - [Shubham Automation] - [SEVERE] - [ Homepage : button_MyAccount ] My Account Link is not found on Home Page
</system-err>
  </testcase>
  <testcase classname="Scenario: Successful Login with Valid Credentials by Maps in Data Tables" name="Scenario: Successful Login with Valid Credentials by Maps in Data Tables" time="0">
    <error type="java.lang.NullPointerException">java.lang.NullPointerException
	at pageobjects.Homepage.button_MyAccount(Homepage.java:44)
	at stepDefinition.Test_Steps3.user_Navigate_to_LogIn_Page(Test_Steps3.java:32)
	at ✽.When User Navigate to LogIn Page(LogIn_Test.feature:31)
</error>
  </testcase>
  <testcase classname="Scenario: Successful Login with Valid Credentials by Maps in Data Tables" name="Then Message displayed Login Successfully" time="0.001">
    <skipped/>
  </testcase>
</testsuite>