[
  {
    "comments": [
      {
        "line": 1,
        "value": "#Author: shubham.jain@cuelogic.co.in"
      },
      {
        "line": 2,
        "value": "#Keywords Summary :"
      },
      {
        "line": 3,
        "value": "#Feature: List of scenarios."
      },
      {
        "line": 4,
        "value": "#Scenario: Business rule through list of steps with arguments."
      },
      {
        "line": 5,
        "value": "#Given: Some precondition step"
      },
      {
        "line": 6,
        "value": "#When: Some key actions"
      },
      {
        "line": 7,
        "value": "#Then: To observe outcomes or validation"
      },
      {
        "line": 8,
        "value": "#And,But: To enumerate more Given,When,Then steps"
      },
      {
        "line": 9,
        "value": "#Scenario Outline: List of steps for data-driven as an Examples and \u003cplaceholder\u003e"
      },
      {
        "line": 10,
        "value": "#Examples: Container for s table"
      },
      {
        "line": 11,
        "value": "#Background: List of steps run before each of the scenarios"
      },
      {
        "line": 12,
        "value": "#\"\"\" (Doc Strings)"
      },
      {
        "line": 13,
        "value": "#| (Data Tables)"
      },
      {
        "line": 14,
        "value": "#@ (Tags/Labels):To group Scenarios"
      },
      {
        "line": 15,
        "value": "#\u003c\u003e (placeholder)"
      },
      {
        "line": 16,
        "value": "#\"\""
      },
      {
        "line": 17,
        "value": "## (Comments)"
      },
      {
        "line": 19,
        "value": "#Sample Feature Definition Template"
      }
    ],
    "line": 21,
    "elements": [
      {
        "line": 23,
        "name": "Testing my Framework cases",
        "description": "",
        "id": "testing-framework-action;testing-my-framework-cases",
        "type": "scenario",
        "keyword": "Scenario",
        "steps": [
          {
            "result": {
              "duration": 46258783152,
              "error_message": "org.openqa.selenium.NoSuchElementException: no such element: Unable to locate element: {\"method\":\"id\",\"selector\":\"loginn\"}\n  (Session info: chrome\u003d61.0.3163.100)\n  (Driver info: chromedriver\u003d2.33.506120 (e3e53437346286c0bc2d2dc9aa4915ba81d9023f),platform\u003dWindows NT 10.0.15063 x86_64) (WARNING: The server did not provide any stacktrace information)\nCommand duration or timeout: 0 milliseconds\nFor documentation on this error, please visit: http://seleniumhq.org/exceptions/no_such_element.html\nBuild info: version: \u00273.6.0\u0027, revision: \u00276fbf3ec767\u0027, time: \u00272017-09-27T15:28:36.4Z\u0027\nSystem info: host: \u0027ShubhamJ-PC\u0027, ip: \u0027172.21.31.61\u0027, os.name: \u0027Windows 10\u0027, os.arch: \u0027amd64\u0027, os.version: \u002710.0\u0027, java.version: \u00271.8.0_131\u0027\nDriver info: org.openqa.selenium.chrome.ChromeDriver\nCapabilities [{mobileEmulationEnabled\u003dfalse, hasTouchScreen\u003dfalse, platform\u003dXP, acceptSslCerts\u003dtrue, webStorageEnabled\u003dtrue, browserName\u003dchrome, takesScreenshot\u003dtrue, javascriptEnabled\u003dtrue, platformName\u003dXP, setWindowRect\u003dtrue, unexpectedAlertBehaviour\u003d, applicationCacheEnabled\u003dfalse, rotatable\u003dfalse, networkConnectionEnabled\u003dfalse, chrome\u003d{chromedriverVersion\u003d2.33.506120 (e3e53437346286c0bc2d2dc9aa4915ba81d9023f), userDataDir\u003dC:\\Users\\SHUBHA~1\\AppData\\Local\\Temp\\scoped_dir11380_19967}, takesHeapSnapshot\u003dtrue, pageLoadStrategy\u003dnormal, unhandledPromptBehavior\u003d, databaseEnabled\u003dfalse, handlesAlerts\u003dtrue, version\u003d61.0.3163.100, browserConnectionEnabled\u003dfalse, nativeEvents\u003dtrue, locationContextEnabled\u003dtrue, cssSelectorsEnabled\u003dtrue}]\nSession ID: 173f694b4996ba19dcbabca60f3cef0e\n*** Element info: {Using\u003did, value\u003dloginn}\r\n\tat sun.reflect.NativeConstructorAccessorImpl.newInstance0(Native Method)\r\n\tat sun.reflect.NativeConstructorAccessorImpl.newInstance(NativeConstructorAccessorImpl.java:62)\r\n\tat sun.reflect.DelegatingConstructorAccessorImpl.newInstance(DelegatingConstructorAccessorImpl.java:45)\r\n\tat java.lang.reflect.Constructor.newInstance(Constructor.java:423)\r\n\tat org.openqa.selenium.remote.ErrorHandler.createThrowable(ErrorHandler.java:214)\r\n\tat org.openqa.selenium.remote.ErrorHandler.throwIfResponseFailed(ErrorHandler.java:166)\r\n\tat org.openqa.selenium.remote.http.JsonHttpResponseCodec.reconstructValue(JsonHttpResponseCodec.java:40)\r\n\tat org.openqa.selenium.remote.http.AbstractHttpResponseCodec.decode(AbstractHttpResponseCodec.java:82)\r\n\tat org.openqa.selenium.remote.http.AbstractHttpResponseCodec.decode(AbstractHttpResponseCodec.java:45)\r\n\tat org.openqa.selenium.remote.HttpCommandExecutor.execute(HttpCommandExecutor.java:164)\r\n\tat org.openqa.selenium.remote.service.DriverCommandExecutor.execute(DriverCommandExecutor.java:83)\r\n\tat org.openqa.selenium.remote.RemoteWebDriver.execute(RemoteWebDriver.java:586)\r\n\tat org.openqa.selenium.remote.RemoteWebDriver.findElement(RemoteWebDriver.java:356)\r\n\tat org.openqa.selenium.remote.RemoteWebDriver.findElementById(RemoteWebDriver.java:402)\r\n\tat org.openqa.selenium.By$ById.findElement(By.java:218)\r\n\tat org.openqa.selenium.remote.RemoteWebDriver.findElement(RemoteWebDriver.java:348)\r\n\tat pageobjects.LoginPage.button_LoginToAccount(LoginPage.java:130)\r\n\tat stepDefinition.Test_Steps4.Test1(Test_Steps4.java:43)\r\n\tat ✽.Given Test1(A.LogIn_Test.feature:24)\r\n",
              "status": "failed"
            },
            "line": 24,
            "name": "Test1",
            "match": {
              "location": "Test_Steps4.Test1()"
            },
            "keyword": "Given "
          },
          {
            "result": {
              "status": "skipped"
            },
            "line": 25,
            "name": "Test2",
            "match": {
              "location": "Test_Steps4.Test2()"
            },
            "keyword": "When "
          },
          {
            "result": {
              "status": "skipped"
            },
            "line": 26,
            "name": "Test3",
            "match": {
              "location": "Test_Steps4.Test3()"
            },
            "keyword": "Then "
          }
        ]
      }
    ],
    "name": "Testing Framework Action",
    "description": "",
    "id": "testing-framework-action",
    "keyword": "Feature",
    "uri": "A.LogIn_Test.feature"
  },
  {
    "comments": [
      {
        "line": 1,
        "value": "#Author: shubham.jain@cuelogic.co.in"
      },
      {
        "line": 2,
        "value": "#Keywords Summary :"
      },
      {
        "line": 3,
        "value": "#Feature: List of scenarios."
      },
      {
        "line": 4,
        "value": "#Scenario: Business rule through list of steps with arguments."
      },
      {
        "line": 5,
        "value": "#Given: Some precondition step"
      },
      {
        "line": 6,
        "value": "#When: Some key actions"
      },
      {
        "line": 7,
        "value": "#Then: To observe outcomes or validation"
      },
      {
        "line": 8,
        "value": "#And,But: To enumerate more Given,When,Then steps"
      },
      {
        "line": 9,
        "value": "#Scenario Outline: List of steps for data-driven as an Examples and \u003cplaceholder\u003e"
      },
      {
        "line": 10,
        "value": "#Examples: Container for s table"
      },
      {
        "line": 11,
        "value": "#Background: List of steps run before each of the scenarios"
      },
      {
        "line": 12,
        "value": "#\"\"\" (Doc Strings)"
      },
      {
        "line": 13,
        "value": "#| (Data Tables)"
      },
      {
        "line": 14,
        "value": "#@ (Tags/Labels):To group Scenarios"
      },
      {
        "line": 15,
        "value": "#\u003c\u003e (placeholder)"
      },
      {
        "line": 16,
        "value": "#\"\""
      },
      {
        "line": 17,
        "value": "## (Comments)"
      },
      {
        "line": 19,
        "value": "#Sample Feature Definition Template"
      }
    ],
    "line": 21,
    "elements": [
      {
        "line": 23,
        "name": "Successful Login with Valid Credentials by data table",
        "description": "",
        "id": "login-action;successful-login-with-valid-credentials-by-data-table",
        "type": "scenario",
        "keyword": "Scenario",
        "steps": [
          {
            "result": {
              "duration": 15824139846,
              "status": "passed"
            },
            "line": 24,
            "name": "User is on Home Page",
            "match": {
              "location": "Test_Steps.UserCheck()"
            },
            "keyword": "Given "
          },
          {
            "result": {
              "duration": 21807798788,
              "status": "passed"
            },
            "line": 25,
            "name": "User Navigate to LogIn Page",
            "match": {
              "location": "Test_Steps3.user_Navigate_to_LogIn_Page()"
            },
            "keyword": "When "
          },
          {
            "result": {
              "duration": 10246540656,
              "error_message": "org.openqa.selenium.NoSuchElementException: no such element: Unable to locate element: {\"method\":\"id\",\"selector\":\"loginn\"}\n  (Session info: chrome\u003d61.0.3163.100)\n  (Driver info: chromedriver\u003d2.33.506120 (e3e53437346286c0bc2d2dc9aa4915ba81d9023f),platform\u003dWindows NT 10.0.15063 x86_64) (WARNING: The server did not provide any stacktrace information)\nCommand duration or timeout: 0 milliseconds\nFor documentation on this error, please visit: http://seleniumhq.org/exceptions/no_such_element.html\nBuild info: version: \u00273.6.0\u0027, revision: \u00276fbf3ec767\u0027, time: \u00272017-09-27T15:28:36.4Z\u0027\nSystem info: host: \u0027ShubhamJ-PC\u0027, ip: \u0027172.21.31.61\u0027, os.name: \u0027Windows 10\u0027, os.arch: \u0027amd64\u0027, os.version: \u002710.0\u0027, java.version: \u00271.8.0_131\u0027\nDriver info: org.openqa.selenium.chrome.ChromeDriver\nCapabilities [{mobileEmulationEnabled\u003dfalse, hasTouchScreen\u003dfalse, platform\u003dXP, acceptSslCerts\u003dtrue, webStorageEnabled\u003dtrue, browserName\u003dchrome, takesScreenshot\u003dtrue, javascriptEnabled\u003dtrue, platformName\u003dXP, setWindowRect\u003dtrue, unexpectedAlertBehaviour\u003d, applicationCacheEnabled\u003dfalse, rotatable\u003dfalse, networkConnectionEnabled\u003dfalse, chrome\u003d{chromedriverVersion\u003d2.33.506120 (e3e53437346286c0bc2d2dc9aa4915ba81d9023f), userDataDir\u003dC:\\Users\\SHUBHA~1\\AppData\\Local\\Temp\\scoped_dir11380_19967}, takesHeapSnapshot\u003dtrue, pageLoadStrategy\u003dnormal, unhandledPromptBehavior\u003d, databaseEnabled\u003dfalse, handlesAlerts\u003dtrue, version\u003d61.0.3163.100, browserConnectionEnabled\u003dfalse, nativeEvents\u003dtrue, locationContextEnabled\u003dtrue, cssSelectorsEnabled\u003dtrue}]\nSession ID: 173f694b4996ba19dcbabca60f3cef0e\n*** Element info: {Using\u003did, value\u003dloginn}\r\n\tat sun.reflect.NativeConstructorAccessorImpl.newInstance0(Native Method)\r\n\tat sun.reflect.NativeConstructorAccessorImpl.newInstance(NativeConstructorAccessorImpl.java:62)\r\n\tat sun.reflect.DelegatingConstructorAccessorImpl.newInstance(DelegatingConstructorAccessorImpl.java:45)\r\n\tat java.lang.reflect.Constructor.newInstance(Constructor.java:423)\r\n\tat org.openqa.selenium.remote.ErrorHandler.createThrowable(ErrorHandler.java:214)\r\n\tat org.openqa.selenium.remote.ErrorHandler.throwIfResponseFailed(ErrorHandler.java:166)\r\n\tat org.openqa.selenium.remote.http.JsonHttpResponseCodec.reconstructValue(JsonHttpResponseCodec.java:40)\r\n\tat org.openqa.selenium.remote.http.AbstractHttpResponseCodec.decode(AbstractHttpResponseCodec.java:82)\r\n\tat org.openqa.selenium.remote.http.AbstractHttpResponseCodec.decode(AbstractHttpResponseCodec.java:45)\r\n\tat org.openqa.selenium.remote.HttpCommandExecutor.execute(HttpCommandExecutor.java:164)\r\n\tat org.openqa.selenium.remote.service.DriverCommandExecutor.execute(DriverCommandExecutor.java:83)\r\n\tat org.openqa.selenium.remote.RemoteWebDriver.execute(RemoteWebDriver.java:586)\r\n\tat org.openqa.selenium.remote.RemoteWebDriver.findElement(RemoteWebDriver.java:356)\r\n\tat org.openqa.selenium.remote.RemoteWebDriver.findElementById(RemoteWebDriver.java:402)\r\n\tat org.openqa.selenium.By$ById.findElement(By.java:218)\r\n\tat org.openqa.selenium.remote.RemoteWebDriver.findElement(RemoteWebDriver.java:348)\r\n\tat pageobjects.LoginPage.button_LoginToAccount(LoginPage.java:130)\r\n\tat stepDefinition.Test_Steps3.user_enters_testuser__and_Test(Test_Steps3.java:39)\r\n\tat ✽.And User enters Credentials to LogIn(LogIn_Test.feature:26)\r\n",
              "status": "failed"
            },
            "line": 26,
            "name": "User enters Credentials to LogIn",
            "match": {
              "location": "Test_Steps3.user_enters_testuser__and_Test()"
            },
            "keyword": "And "
          }
        ]
      },
      {
        "line": 28,
        "name": "Successful Login with Valid Credentials by Maps in Data Tables",
        "description": "",
        "id": "login-action;successful-login-with-valid-credentials-by-maps-in-data-tables",
        "type": "scenario",
        "keyword": "Scenario",
        "steps": [
          {
            "result": {
              "duration": 16772194003,
              "status": "passed"
            },
            "line": 29,
            "name": "User is on Home Page",
            "match": {
              "location": "Test_Steps.UserCheck()"
            },
            "keyword": "Given "
          },
          {
            "result": {
              "duration": 22713452211,
              "status": "passed"
            },
            "line": 30,
            "name": "User Navigate to LogIn Page",
            "match": {
              "location": "Test_Steps3.user_Navigate_to_LogIn_Page()"
            },
            "keyword": "When "
          },
          {
            "result": {
              "duration": 127431,
              "status": "passed"
            },
            "line": 31,
            "name": "Message displayed Login Successfully",
            "match": {
              "location": "Test_Steps3.message_displayed_Login_Successfully()"
            },
            "keyword": "Then "
          }
        ]
      }
    ],
    "name": "Login Action",
    "description": "",
    "id": "login-action",
    "keyword": "Feature",
    "uri": "LogIn_Test.feature"
  }
]